<?xml version="1.0" encoding="UTF-8"?>
<!-- Generated by org.testng.reporters.JUnitReportReporter -->
<testsuite hostname="DESKTOP-HOI4KIH" failures="0" tests="7" name="com.jspl_automation.test.LoginTest" time="9.027" errors="0" timestamp="2025-01-30T11:58:05 IST" skipped="0">
  <testcase classname="com.jspl_automation.test.LoginTest" name="loginByInvalidCredentials" time="2.449"/>
  <system-out/>
  <testcase classname="com.jspl_automation.test.LoginTest" name="loginByInvalidCredentials" time="1.456"/>
  <system-out/>
  <testcase classname="com.jspl_automation.test.LoginTest" name="loginByInvalidCredentials" time="1.598"/>
  <system-out/>
  <testcase classname="com.jspl_automation.test.LoginTest" name="loginByBlankCredentials" time="0.763"/>
  <system-out/>
  <testcase classname="com.jspl_automation.test.LoginTest" name="loginByBlankCredentials" time="0.932"/>
  <system-out/>
  <testcase classname="com.jspl_automation.test.LoginTest" name="loginByBlankCredentials" time="0.768"/>
  <system-out/>
  <testcase classname="com.jspl_automation.test.LoginTest" name="loginByValidCredentials" time="1.061"/>
  <system-out/>
</testsuite> <!-- com.jspl_automation.test.LoginTest -->
