<?xml version="1.0" encoding="UTF-8"?>
<!-- Generated by org.testng.reporters.JUnitReportReporter -->
<testsuite hostname="DESKTOP-HOI4KIH" failures="0" tests="7" name="com.fortune.testcases.LoginTest" time="0.001" errors="0" timestamp="2025-04-03T18:14:30 IST" skipped="7">
  <testcase classname="com.fortune.testcases.LoginTest" name="loginByInvalidCredentials" time="0.000">
    <skipped/>
  </testcase> <!-- loginByInvalidCredentials -->
  <testcase classname="com.fortune.testcases.LoginTest" name="loginByInvalidCredentials" time="0.001">
    <skipped/>
  </testcase> <!-- loginByInvalidCredentials -->
  <testcase classname="com.fortune.testcases.LoginTest" name="loginByInvalidCredentials" time="0.000">
    <skipped/>
  </testcase> <!-- loginByInvalidCredentials -->
  <testcase classname="com.fortune.testcases.LoginTest" name="loginByBlankCredentials" time="0.000">
    <skipped/>
  </testcase> <!-- loginByBlankCredentials -->
  <testcase classname="com.fortune.testcases.LoginTest" name="loginByBlankCredentials" time="0.000">
    <skipped/>
  </testcase> <!-- loginByBlankCredentials -->
  <testcase classname="com.fortune.testcases.LoginTest" name="loginByBlankCredentials" time="0.000">
    <skipped/>
  </testcase> <!-- loginByBlankCredentials -->
  <testcase classname="com.fortune.testcases.LoginTest" name="loginByValidCredentials" time="0.000">
    <skipped/>
  </testcase> <!-- loginByValidCredentials -->
</testsuite> <!-- com.fortune.testcases.LoginTest -->
